['join', 'the', 'protest', 'against', 'injustice', 'city', 'hall', 'wed', 'mar', '30am']
['join', 'the', 'protest', 'support', 'humanrights', 'city', 'hall', 'wed', '30am']
['least', 'thousand', 'women', 'and', 'men', 'protesting', 'trumpglobalgag', 'white', 'house', 'iwd2017']
['protest', 'against', 'injustice', 'city', 'hall', 'stop', 'article', 'dictator', 'law']
['chennai', 'farmers', 'wear', 'real', 'skulls', 'farmers', 'who', 'committed', 'suicide', 'protest', 'jantar', 'mantar', 'delhi']
['works', 'times', 'people', 'hit', 'the', 'streets', 'make', 'change', 'protest', 'power', 'democracy', 'politics']
['protest', 'pinsk', 'belarus', 'protesters', 'chant', 'lukashenka', 'step', 'down']
['kiev', 'ukraine', 'anti', 'corruption', 'protest', 'aims', 'block', 'nasirov', 'who', 'trial', 'corruption', 'charges', 'from', 'leaving', 'the', 'court']
['what', 'was', 'really', 'unusual', "today's", 'anti', 'tax', 'protest', 'brest', 'belarus', 'today', 'was', 'that', 'the', 'march', 'was', 'headed', 'the', 'anarchists']
['proud', 'this', 'lot', 'for', 'some', 'was', 'their', 'first', 'protest', 'but', 'certainly', "won't", 'their', 'last']
['first', 'dress', 'the', 'year', "i'm", 'very', 'happy', 'about']
['all', 'ever', 'want', 'hang', 'out', 'with', 'myself', 'cause', "i'm", 'the', 'best', 'friend', "i've", 'ever', 'had']
['planning', 'trip', 'and', 'mexico', 'excited', 'for', 'the', 'summer']
['why', 'phoebe', 'tonkin', 'the', 'cutest', 'person', 'this', 'planet']
['santorini', 'for', 'few', 'days']
['when', 'the', 'universe', 'says', 'things', 'wrong', "doesn't", 'always', 'mean', "it's", 'sign', 'you', 'should', 'give', 'push', 'through', 'show', 'them', "who's", 'boss']
['new', 'video', 'pst', 'and', 'you', "don't", 'wanna', 'miss', 'our', 'first', 'story', 'time', 'ever', 'auditioned', 'for', 'factor']
['mom', 'gunna', 'cringe', 'dirty', 'windows']
['this', 'bus', 'not', 'built', 'for', 'tiny', 'roads']
['did', 'you', 'know', 'otters', 'have', 'little', 'pockets', 'built', 'into', 'their', 'bodies', 'they', 'can', 'hold', 'their', 'favorite', 'rocks', 'where', 'can', 'sign', 'otter']
[1, 1, 1, 1, 1, 1, 1, 1, 1, 1, 0, 0, 0, 0, 0, 0, 0, 0, 0, 0]
